# ERRORS
[22-Sep-2020 11:35:15 Europe/Belgrade] PHP Notice:  Array to string conversion in E:\xampp\htdocs\portal\vendor\twig\twig\src\Environment.php(418) : eval()'d code on line 71
[22-Sep-2020 11:37:50 Europe/Belgrade] PHP Notice:  Array to string conversion in E:\xampp\htdocs\portal\vendor\twig\twig\src\Environment.php(418) : eval()'d code on line 90
[23-Sep-2020 08:47:23 Europe/Belgrade] PHP Notice:  Array to string conversion in E:\xampp\htdocs\portal\vendor\twig\twig\src\Environment.php(418) : eval()'d code on line 110
[23-Sep-2020 08:47:23 Europe/Belgrade] PHP Notice:  Array to string conversion in E:\xampp\htdocs\portal\vendor\twig\twig\src\Environment.php(418) : eval()'d code on line 110
[23-Sep-2020 08:47:23 Europe/Belgrade] PHP Notice:  Array to string conversion in E:\xampp\htdocs\portal\vendor\twig\twig\src\Environment.php(418) : eval()'d code on line 110
[23-Sep-2020 08:47:23 Europe/Belgrade] PHP Notice:  Array to string conversion in E:\xampp\htdocs\portal\vendor\twig\twig\src\Environment.php(418) : eval()'d code on line 110
[23-Sep-2020 08:47:23 Europe/Belgrade] PHP Notice:  Array to string conversion in E:\xampp\htdocs\portal\vendor\twig\twig\src\Environment.php(418) : eval()'d code on line 110
[23-Sep-2020 08:47:23 Europe/Belgrade] PHP Notice:  Array to string conversion in E:\xampp\htdocs\portal\vendor\twig\twig\src\Environment.php(418) : eval()'d code on line 110
[23-Sep-2020 08:47:23 Europe/Belgrade] PHP Notice:  Array to string conversion in E:\xampp\htdocs\portal\vendor\twig\twig\src\Environment.php(418) : eval()'d code on line 110
[23-Sep-2020 08:47:23 Europe/Belgrade] PHP Notice:  Array to string conversion in E:\xampp\htdocs\portal\vendor\twig\twig\src\Environment.php(418) : eval()'d code on line 110
[23-Sep-2020 08:47:23 Europe/Belgrade] PHP Notice:  Array to string conversion in E:\xampp\htdocs\portal\vendor\twig\twig\src\Environment.php(418) : eval()'d code on line 110
[23-Sep-2020 08:47:23 Europe/Belgrade] PHP Notice:  Array to string conversion in E:\xampp\htdocs\portal\vendor\twig\twig\src\Environment.php(418) : eval()'d code on line 110
[23-Sep-2020 08:47:23 Europe/Belgrade] PHP Notice:  Array to string conversion in E:\xampp\htdocs\portal\vendor\twig\twig\src\Environment.php(418) : eval()'d code on line 110
[23-Sep-2020 08:47:23 Europe/Belgrade] PHP Notice:  Array to string conversion in E:\xampp\htdocs\portal\vendor\twig\twig\src\Environment.php(418) : eval()'d code on line 110
[23-Sep-2020 08:47:23 Europe/Belgrade] PHP Notice:  Array to string conversion in E:\xampp\htdocs\portal\vendor\twig\twig\src\Environment.php(418) : eval()'d code on line 110
[23-Sep-2020 08:47:23 Europe/Belgrade] PHP Notice:  Array to string conversion in E:\xampp\htdocs\portal\vendor\twig\twig\src\Environment.php(418) : eval()'d code on line 110
[23-Sep-2020 08:47:23 Europe/Belgrade] PHP Notice:  Array to string conversion in E:\xampp\htdocs\portal\vendor\twig\twig\src\Environment.php(418) : eval()'d code on line 110
[23-Sep-2020 08:47:45 Europe/Belgrade] PHP Recoverable fatal error:  Object of class App\Models\Kategorija could not be converted to string in E:\xampp\htdocs\portal\vendor\twig\twig\src\Environment.php(418) : eval()'d code on line 110
[23-Sep-2020 09:43:25 Europe/Belgrade] PHP Notice:  Undefined variable: request in E:\xampp\htdocs\portal\app\Controllers\ClanakController.php on line 19
[23-Sep-2020 09:45:48 Europe/Belgrade] PHP Notice:  Undefined variable: request in E:\xampp\htdocs\portal\app\Controllers\ClanakController.php on line 19
[23-Sep-2020 10:29:00 Europe/Belgrade] PHP Notice:  Undefined index: id_kategorije in E:\xampp\htdocs\portal\app\Controllers\ClanakController.php on line 27
[23-Sep-2020 10:29:21 Europe/Belgrade] PHP Notice:  Undefined index: id_kategorije in E:\xampp\htdocs\portal\app\Controllers\ClanakController.php on line 27
[28-Sep-2020 16:22:58 Europe/Belgrade] PHP Warning:  move_uploaded_file(doc/закони_Права,_обавезе_и_одговорности_из_радног_односа,_односно_по_основу_рада,_уређују_се_овим_законом_и_посебним_законом,_у_складу_са_ратификованим_међународним_конвенцијама._Права,_обавезе_и_одговорности_из_радног_односа_уређују_се_и_колективним_уговором_и_уговором_о_раду,_а_правилником_о_раду,_односно_уговором_о_раду_–_само_када_је_то_овим_законом_одређено._b6b96429b0021bfb.pdf): failed to open stream: Invalid argument in D:\xampp\htdocs\portal\vendor\slim\slim\Slim\Http\UploadedFile.php on line 251
[28-Sep-2020 16:22:58 Europe/Belgrade] PHP Warning:  move_uploaded_file(): Unable to move 'D:\xampp\tmp\php7B5.tmp' to 'doc/закони_Права,_обавезе_и_одговорности_из_радног_односа,_односно_по_основу_рада,_уређују_се_овим_законом_и_посебним_законом,_у_складу_са_ратификованим_међународним_конвенцијама._Права,_обавезе_и_одговорности_из_радног_односа_уређују_се_и_колективним_уговором_и_уговором_о_раду,_а_правилником_о_раду,_односно_уговором_о_раду_–_само_када_је_то_овим_законом_одређено._b6b96429b0021bfb.pdf' in D:\xampp\htdocs\portal\vendor\slim\slim\Slim\Http\UploadedFile.php on line 251
